<?xml version="1.0" encoding="UTF-8"?>
<testsuite name="com.calmeter.core.tests.food.utils.FoodItemHelperTests" tests="1" skipped="0" failures="0" errors="0" timestamp="2017-12-02T22:12:44" hostname="JKettle-P51" time="0.012">
  <properties/>
  <testcase name="applyServingModifierTest" classname="com.calmeter.core.tests.food.utils.FoodItemHelperTests" time="0.012"/>
  <system-out><![CDATA[Hibernate: select fooditem0_.id as id1_7_, fooditem0_.creator_id as creator_7_7_, fooditem0_.description as descript2_7_, fooditem0_.disabled as disabled3_7_, fooditem0_.external_id as external4_7_, fooditem0_.food_item_type as food_ite5_7_, fooditem0_.name as name6_7_, fooditem0_.nutritional_info_id as nutritio8_7_ from food_item fooditem0_ where fooditem0_.name=?
Hibernate: select user0_.id as id1_17_0_, user0_.email as email2_17_0_, user0_.enabled as enabled3_17_0_, user0_.firstname as firstnam4_17_0_, user0_.is_user_profile_set as is_user_5_17_0_, user0_.lastname as lastname6_17_0_, user0_.password as password7_17_0_, user0_.user_profile_id as user_pro9_17_0_, user0_.username as username8_17_0_, roles1_.user_id as user_id1_21_1_, userrole2_.id as role_id2_21_1_, userrole2_.id as id1_20_2_, userrole2_.role as role2_20_2_, userprofil3_.id as id1_18_3_, userprofil3_.date_of_birth as date_of_2_18_3_, userprofil3_.height as height3_18_3_, userprofil3_.sex as sex4_18_3_, weightlog4_.user_profile_id as user_pro1_19_4_, weightloge5_.id as weight_l2_19_4_, weightloge5_.id as id1_23_5_, weightloge5_.date_time as date_tim2_23_5_, weightloge5_.weight_in_kgs as weight_i3_23_5_ from user user0_ left outer join user_role_map roles1_ on user0_.id=roles1_.user_id left outer join user_role userrole2_ on roles1_.role_id=userrole2_.id left outer join user_profile userprofil3_ on user0_.user_profile_id=userprofil3_.id left outer join user_profile_weight_log weightlog4_ on userprofil3_.id=weightlog4_.user_profile_id left outer join weight_log_entry weightloge5_ on weightlog4_.weight_log_id=weightloge5_.id where user0_.id=?
Hibernate: select nutritiona0_.id as id1_15_0_, nutritiona0_.caffeine as caffeine2_15_0_, nutritiona0_.calories as calories3_15_0_, nutritiona0_.consolidated_carbs_id as consolid6_15_0_, nutritiona0_.consolidated_fats_id as consolid7_15_0_, nutritiona0_.consolidated_proteins_id as consolid8_15_0_, nutritiona0_.serving_size as serving_4_15_0_, nutritiona0_.type as type5_15_0_, consolidat1_.id as id1_2_1_, consolidat1_.fiber as fiber2_2_1_, consolidat1_.starch as starch3_2_1_, consolidat1_.sugar as sugar4_2_1_, consolidat1_.sugar_alcohol as sugar_al5_2_1_, consolidat1_.total as total6_2_1_, sugarmap2_.consolidated_carbs_id as consolid1_0_2_, sugarmap2_.value as value2_0_2_, sugarmap2_.sugar_map_key as sugar_ma3_2_, consolidat3_.id as id1_3_3_, consolidat3_.cholesterol as choleste2_3_3_, consolidat3_.mono_unsaturated_fat as mono_uns3_3_3_, consolidat3_.poly_unsaturated_fat as poly_uns4_3_3_, consolidat3_.saturated_fat as saturate5_3_3_, consolidat3_.total_fat as total_fa6_3_3_, consolidat3_.trans_fat as trans_fa7_3_3_, consolidat4_.id as id1_4_4_, consolidat4_.protein as protein2_4_4_, proteinmap5_.consolidated_proteins_id as consolid1_16_5_, proteinmap5_.value as value2_16_5_, proteinmap5_.protein_map_key as protein_3_5_, mineralmap6_.nutritional_info_id as nutritio1_13_6_, mineralmap6_.value as value2_13_6_, mineralmap6_.mineral_map_key as mineral_3_6_, vitaminmap7_.nutritional_info_id as nutritio1_22_7_, vitaminmap7_.value as value2_22_7_, vitaminmap7_.vitamin_map_key as vitamin_3_7_ from nutritional_info nutritiona0_ left outer join consolidated_carbs consolidat1_ on nutritiona0_.consolidated_carbs_id=consolidat1_.id left outer join carb_sugar_values sugarmap2_ on consolidat1_.id=sugarmap2_.consolidated_carbs_id left outer join consolidated_fats consolidat3_ on nutritiona0_.consolidated_fats_id=consolidat3_.id left outer join consolidated_proteins consolidat4_ on nutritiona0_.consolidated_proteins_id=consolidat4_.id left outer join protein_values proteinmap5_ on consolidat4_.id=proteinmap5_.consolidated_proteins_id left outer join mineral_values mineralmap6_ on nutritiona0_.id=mineralmap6_.nutritional_info_id left outer join vitamin_values vitaminmap7_ on nutritiona0_.id=vitaminmap7_.nutritional_info_id where nutritiona0_.id=?
2017-12-02 22:12:44.402  INFO 14896 --- [    Test worker] c.c.c.t.food.utils.FoodItemHelperTests   : Cals before: 195.0
2017-12-02 22:12:44.405  INFO 14896 --- [    Test worker] c.c.core.food.utils.FoodItemHelper       : modifier: 0.75
2017-12-02 22:12:44.406  INFO 14896 --- [    Test worker] c.c.c.t.food.utils.FoodItemHelperTests   : Cals after: 146.25
]]></system-out>
  <system-err><![CDATA[]]></system-err>
</testsuite>
