<?xml version="1.0" encoding="UTF-8"?>
<testsuite name="com.calmeter.core.tests.food.source.TescoHandlerTests" tests="1" skipped="0" failures="0" errors="0" timestamp="2017-12-02T22:12:44" hostname="JKettle-P51" time="0.849">
  <properties/>
  <testcase name="searchTest" classname="com.calmeter.core.tests.food.source.TescoHandlerTests" time="0.849"/>
  <system-out><![CDATA[2017-12-02 22:12:44.920  INFO 14896 --- [    Test worker] c.c.c.food.source.handler.TescoHandler   : Found IDs: 52260983,63696243,58999595,54550994,52260948,55723702,58999606,64760004,67528986,55955358
Hibernate: select case when count(fooditem0_.id)>0 then 1 else 0 end as col_0_0_ from food_item fooditem0_ where fooditem0_.external_id=? and fooditem0_.food_item_type=?
Hibernate: select case when count(fooditem0_.id)>0 then 1 else 0 end as col_0_0_ from food_item fooditem0_ where fooditem0_.external_id=? and fooditem0_.food_item_type=?
Hibernate: select case when count(fooditem0_.id)>0 then 1 else 0 end as col_0_0_ from food_item fooditem0_ where fooditem0_.external_id=? and fooditem0_.food_item_type=?
Hibernate: select case when count(fooditem0_.id)>0 then 1 else 0 end as col_0_0_ from food_item fooditem0_ where fooditem0_.external_id=? and fooditem0_.food_item_type=?
Hibernate: select case when count(fooditem0_.id)>0 then 1 else 0 end as col_0_0_ from food_item fooditem0_ where fooditem0_.external_id=? and fooditem0_.food_item_type=?
Hibernate: select case when count(fooditem0_.id)>0 then 1 else 0 end as col_0_0_ from food_item fooditem0_ where fooditem0_.external_id=? and fooditem0_.food_item_type=?
Hibernate: select case when count(fooditem0_.id)>0 then 1 else 0 end as col_0_0_ from food_item fooditem0_ where fooditem0_.external_id=? and fooditem0_.food_item_type=?
Hibernate: select case when count(fooditem0_.id)>0 then 1 else 0 end as col_0_0_ from food_item fooditem0_ where fooditem0_.external_id=? and fooditem0_.food_item_type=?
Hibernate: select case when count(fooditem0_.id)>0 then 1 else 0 end as col_0_0_ from food_item fooditem0_ where fooditem0_.external_id=? and fooditem0_.food_item_type=?
Hibernate: select case when count(fooditem0_.id)>0 then 1 else 0 end as col_0_0_ from food_item fooditem0_ where fooditem0_.external_id=? and fooditem0_.food_item_type=?
2017-12-02 22:12:44.940  INFO 14896 --- [    Test worker] c.c.c.food.source.handler.TescoHandler   : Total existing foodItems Found in DB: 0
2017-12-02 22:12:44.940  INFO 14896 --- [    Test worker] c.c.c.food.source.handler.TescoHandler   : Total foodItems to add to get from response: 0
2017-12-02 22:12:45.258 DEBUG 14896 --- [    Test worker] c.c.c.f.s.h.helper.TescoHandlerHelper    : Getting foodItem: ID; 52260983
2017-12-02 22:12:45.261 DEBUG 14896 --- [    Test worker] c.c.c.f.s.h.helper.TescoHandlerHelper    : Getting foodItem: ID; 52260983
2017-12-02 22:12:45.261 DEBUG 14896 --- [    Test worker] c.c.c.f.s.h.helper.TescoHandlerHelper    : Getting foodItem: ID; 63696243
2017-12-02 22:12:45.261 DEBUG 14896 --- [    Test worker] c.c.c.f.s.h.helper.TescoHandlerHelper    : Unable to get serving size from item
2017-12-02 22:12:45.261  WARN 14896 --- [    Test worker] c.c.c.f.s.h.helper.TescoHandlerHelper    : Unable to get node. Index; 8, Key; valuePer100
2017-12-02 22:12:45.261 DEBUG 14896 --- [    Test worker] c.c.c.f.s.h.helper.TescoHandlerHelper    : Getting foodItem: ID; 58999595
2017-12-02 22:12:45.261 DEBUG 14896 --- [    Test worker] c.c.c.f.s.h.helper.TescoHandlerHelper    : Getting foodItem: ID; 54550994
2017-12-02 22:12:45.261 DEBUG 14896 --- [    Test worker] c.c.c.f.s.h.helper.TescoHandlerHelper    : Unable to get serving size from item
2017-12-02 22:12:45.262  INFO 14896 --- [    Test worker] c.c.c.f.s.h.helper.TescoHandlerHelper    : New serving size: 200.0
2017-12-02 22:12:45.262 DEBUG 14896 --- [    Test worker] c.c.c.f.s.h.helper.TescoHandlerHelper    : Getting foodItem: ID; 52260948
2017-12-02 22:12:45.262 DEBUG 14896 --- [    Test worker] c.c.c.f.s.h.helper.TescoHandlerHelper    : Getting foodItem: ID; 52260948
2017-12-02 22:12:45.262 DEBUG 14896 --- [    Test worker] c.c.c.f.s.h.helper.TescoHandlerHelper    : Getting foodItem: ID; 55723702
2017-12-02 22:12:45.262 DEBUG 14896 --- [    Test worker] c.c.c.f.s.h.helper.TescoHandlerHelper    : Unable to get serving size from item
2017-12-02 22:12:45.262  WARN 14896 --- [    Test worker] c.c.c.f.s.h.helper.TescoHandlerHelper    : Unable to get node. Index; 8, Key; valuePer100
2017-12-02 22:12:45.262 DEBUG 14896 --- [    Test worker] c.c.c.f.s.h.helper.TescoHandlerHelper    : Getting foodItem: ID; 55723702
2017-12-02 22:12:45.262 DEBUG 14896 --- [    Test worker] c.c.c.f.s.h.helper.TescoHandlerHelper    : No calcNutrition node for id: 55723702
2017-12-02 22:12:45.262 DEBUG 14896 --- [    Test worker] c.c.c.f.s.h.helper.TescoHandlerHelper    : Getting foodItem: ID; 58999606
2017-12-02 22:12:45.263 DEBUG 14896 --- [    Test worker] c.c.c.f.s.h.helper.TescoHandlerHelper    : Getting foodItem: ID; 64760004
2017-12-02 22:12:45.263 DEBUG 14896 --- [    Test worker] c.c.c.f.s.h.helper.TescoHandlerHelper    : Getting foodItem: ID; 67528986
2017-12-02 22:12:45.263 DEBUG 14896 --- [    Test worker] c.c.c.f.s.h.helper.TescoHandlerHelper    : Getting foodItem: ID; 55955358
2017-12-02 22:12:45.263 DEBUG 14896 --- [    Test worker] c.c.c.f.s.h.helper.TescoHandlerHelper    : Getting foodItem: ID; 55955358
2017-12-02 22:12:45.263  INFO 14896 --- [    Test worker] c.c.c.t.food.source.TescoHandlerTests    : foodItem name: Tesco Medium Free Range Eggs 6 Pack
2017-12-02 22:12:45.263  INFO 14896 --- [    Test worker] c.c.c.t.food.source.TescoHandlerTests    : foodItem name: Happy Egg Free Range Eggs Medium 6 Pack
2017-12-02 22:12:45.263  INFO 14896 --- [    Test worker] c.c.c.t.food.source.TescoHandlerTests    : foodItem name: Tesco Large Free Range Eggs 12 Pack
2017-12-02 22:12:45.263  INFO 14896 --- [    Test worker] c.c.c.t.food.source.TescoHandlerTests    : foodItem name: Tesco British Semi Skimmed Milk 2.272L, 4 Pints
2017-12-02 22:12:45.263  INFO 14896 --- [    Test worker] c.c.c.t.food.source.TescoHandlerTests    : foodItem name: Tesco Large Free Range Eggs 6 Pack
2017-12-02 22:12:45.263  INFO 14896 --- [    Test worker] c.c.c.t.food.source.TescoHandlerTests    : foodItem name: Big And Fresh Mixed Sized Eggs 10 Pack
2017-12-02 22:12:45.264  INFO 14896 --- [    Test worker] c.c.c.t.food.source.TescoHandlerTests    : foodItem name: Tesco Medium Free Range Eggs 12 Pack
2017-12-02 22:12:45.264  INFO 14896 --- [    Test worker] c.c.c.t.food.source.TescoHandlerTests    : foodItem name: Tesco Mixed Sized Free Range Eggs 15 Pack
2017-12-02 22:12:45.264  INFO 14896 --- [    Test worker] c.c.c.t.food.source.TescoHandlerTests    : foodItem name: Tesco Mixed Sized Organic Eggs 6 Pack
2017-12-02 22:12:45.264  INFO 14896 --- [    Test worker] c.c.c.t.food.source.TescoHandlerTests    : foodItem name: Tesco Everyday Value Value Eggs Mixed 15 Pack
]]></system-out>
  <system-err><![CDATA[]]></system-err>
</testsuite>
