<?xml version="1.0" encoding="UTF-8"?>
<testsuite name="com.calmeter.core.tests.account.service.UserServiceTest" tests="1" skipped="0" failures="0" errors="0" timestamp="2017-12-02T22:12:45" hostname="JKettle-P51" time="0.017">
  <properties/>
  <testcase name="testSaveDoesNotModifyPassword" classname="com.calmeter.core.tests.account.service.UserServiceTest" time="0.017"/>
  <system-out><![CDATA[Hibernate: select user0_.id as id1_17_, user0_.email as email2_17_, user0_.enabled as enabled3_17_, user0_.firstname as firstnam4_17_, user0_.is_user_profile_set as is_user_5_17_, user0_.lastname as lastname6_17_, user0_.password as password7_17_, user0_.user_profile_id as user_pro9_17_, user0_.username as username8_17_ from user user0_ where user0_.username=?
Hibernate: select userprofil0_.id as id1_18_0_, userprofil0_.date_of_birth as date_of_2_18_0_, userprofil0_.height as height3_18_0_, userprofil0_.sex as sex4_18_0_, weightlog1_.user_profile_id as user_pro1_19_1_, weightloge2_.id as weight_l2_19_1_, weightloge2_.id as id1_23_2_, weightloge2_.date_time as date_tim2_23_2_, weightloge2_.weight_in_kgs as weight_i3_23_2_ from user_profile userprofil0_ left outer join user_profile_weight_log weightlog1_ on userprofil0_.id=weightlog1_.user_profile_id left outer join weight_log_entry weightloge2_ on weightlog1_.weight_log_id=weightloge2_.id where userprofil0_.id=?
Hibernate: select roles0_.user_id as user_id1_21_0_, roles0_.role_id as role_id2_21_0_, userrole1_.id as id1_20_1_, userrole1_.role as role2_20_1_ from user_role_map roles0_ inner join user_role userrole1_ on roles0_.role_id=userrole1_.id where roles0_.user_id=?
Hibernate: select user0_.id as id1_17_2_, user0_.email as email2_17_2_, user0_.enabled as enabled3_17_2_, user0_.firstname as firstnam4_17_2_, user0_.is_user_profile_set as is_user_5_17_2_, user0_.lastname as lastname6_17_2_, user0_.password as password7_17_2_, user0_.user_profile_id as user_pro9_17_2_, user0_.username as username8_17_2_, userprofil1_.id as id1_18_0_, userprofil1_.date_of_birth as date_of_2_18_0_, userprofil1_.height as height3_18_0_, userprofil1_.sex as sex4_18_0_, weightlog2_.user_profile_id as user_pro1_19_4_, weightloge3_.id as weight_l2_19_4_, weightloge3_.id as id1_23_1_, weightloge3_.date_time as date_tim2_23_1_, weightloge3_.weight_in_kgs as weight_i3_23_1_ from user user0_ left outer join user_profile userprofil1_ on user0_.user_profile_id=userprofil1_.id left outer join user_profile_weight_log weightlog2_ on userprofil1_.id=weightlog2_.user_profile_id left outer join weight_log_entry weightloge3_ on weightlog2_.weight_log_id=weightloge3_.id where user0_.id=?
Hibernate: select roles0_.user_id as user_id1_21_0_, roles0_.role_id as role_id2_21_0_, userrole1_.id as id1_20_1_, userrole1_.role as role2_20_1_ from user_role_map roles0_ inner join user_role userrole1_ on roles0_.role_id=userrole1_.id where roles0_.user_id=?
]]></system-out>
  <system-err><![CDATA[]]></system-err>
</testsuite>
